Building DAG of jobs...
Relative file path './split_files' starts with './'. This is redundant and strongly discouraged. It can also lead to inconsistent results of the file-matching approach used by Snakemake. You can simply omit the './' for relative file paths.
Using shell: /usr/bin/bash
Provided cores: 8
Rules claiming more threads will be scaled down.
Job stats:
job            count
-----------  -------
split_fasta        1
total              1

Select jobs to execute...

[Mon Sep 18 14:10:03 2023]
rule split_fasta:
    input: basename.filtered.faa
    output: ./split_files
    jobid: 0
    reason: Missing output files: ./split_files
    resources: tmpdir=/tmp

Shutting down, this might take some time.
Exiting because a job execution failed. Look above for error message
Complete log: .snakemake/log/2023-09-18T141002.808893.snakemake.log
