Building DAG of jobs...
Relative file path './split_files' starts with './'. This is redundant and strongly discouraged. It can also lead to inconsistent results of the file-matching approach used by Snakemake. You can simply omit the './' for relative file paths.
Using shell: /usr/bin/bash
Provided cores: 8
Rules claiming more threads will be scaled down.
Job stats:
job                 count
----------------  -------
cluster_peptides        1
detect_orfs             1
split_fasta             1
total                   3

Select jobs to execute...

[Mon Sep 18 14:05:21 2023]
rule detect_orfs:
    input: basename.filtered.fasta
    output: basename.faa
    jobid: 2
    reason: Missing output files: basename.faa
    threads: 8
    resources: tmpdir=/tmp

[Mon Sep 18 14:05:28 2023]
Finished job 2.
1 of 3 steps (33%) done
Select jobs to execute...

[Mon Sep 18 14:05:28 2023]
rule cluster_peptides:
    input: basename.faa
    output: basename.filtered.faa
    jobid: 1
    reason: Missing output files: basename.filtered.faa; Input files updated by another job: basename.faa
    threads: 8
    resources: tmpdir=/tmp

[Mon Sep 18 14:05:56 2023]
Finished job 1.
2 of 3 steps (67%) done
Select jobs to execute...

[Mon Sep 18 14:05:56 2023]
rule split_fasta:
    input: basename.filtered.faa
    output: ./split_files
    jobid: 0
    reason: Missing output files: ./split_files; Input files updated by another job: basename.filtered.faa
    resources: tmpdir=/tmp

Shutting down, this might take some time.
Exiting because a job execution failed. Look above for error message
Complete log: .snakemake/log/2023-09-18T140521.093389.snakemake.log
